2019-06-18 18:03:24.818  INFO 3036 --- [restartedMain] com.vpu.mp.MpApplication                 : Starting MpApplication on WIN-I12TT7U969D with PID 3036 (D:\svn\java\mp_java\branches\jmp\target\classes started by 新国 in D:\svn\java\mp_java\branches\jmp)
2019-06-18 18:03:24.852 DEBUG 3036 --- [restartedMain] com.vpu.mp.MpApplication                 : Running with Spring Boot v2.1.4.RELEASE, Spring v5.1.6.RELEASE
2019-06-18 18:03:24.853  INFO 3036 --- [restartedMain] com.vpu.mp.MpApplication                 : The following profiles are active: dev-win
2019-06-18 18:03:25.216  INFO 3036 --- [restartedMain] .e.DevToolsPropertyDefaultsPostProcessor : Devtools property defaults active! Set 'spring.devtools.add-properties' to 'false' to disable
2019-06-18 18:03:25.233  INFO 3036 --- [restartedMain] .e.DevToolsPropertyDefaultsPostProcessor : For additional web related logging consider setting the 'logging.level.web' property to 'DEBUG'
2019-06-18 18:03:32.314  INFO 3036 --- [restartedMain] .s.d.r.c.RepositoryConfigurationDelegate : Multiple Spring Data modules found, entering strict repository configuration mode!
2019-06-18 18:03:32.321  INFO 3036 --- [restartedMain] .s.d.r.c.RepositoryConfigurationDelegate : Bootstrapping Spring Data repositories in DEFAULT mode.
2019-06-18 18:03:33.157  INFO 3036 --- [restartedMain] .s.d.r.c.RepositoryConfigurationDelegate : Finished Spring Data repository scanning in 773ms. Found 0 repository interfaces.
2019-06-18 18:03:34.162 ERROR 3036 --- [restartedMain] o.a.catalina.core.AprLifecycleListener   : An incompatible version [1.2.12] of the APR based Apache Tomcat Native library is installed, while Tomcat requires version [1.2.14]
2019-06-18 18:03:34.686 ERROR 3036 --- [restartedMain] o.a.catalina.core.AprLifecycleListener   : An incompatible version [1.2.12] of the APR based Apache Tomcat Native library is installed, while Tomcat requires version [1.2.14]
2019-06-18 18:03:35.712  INFO 3036 --- [restartedMain] o.s.b.w.embedded.tomcat.TomcatWebServer  : Tomcat initialized with port(s): 8086 (http)
2019-06-18 18:03:35.761 ERROR 3036 --- [restartedMain] o.a.catalina.core.AprLifecycleListener   : An incompatible version [1.2.12] of the APR based Apache Tomcat Native library is installed, while Tomcat requires version [1.2.14]
2019-06-18 18:03:35.828  INFO 3036 --- [restartedMain] o.apache.catalina.core.StandardService   : Starting service [Tomcat]
2019-06-18 18:03:35.829  INFO 3036 --- [restartedMain] org.apache.catalina.core.StandardEngine  : Starting Servlet engine: [Apache Tomcat/9.0.17]
2019-06-18 18:03:36.142  INFO 3036 --- [restartedMain] o.a.c.c.C.[Tomcat].[localhost].[/]       : Initializing Spring embedded WebApplicationContext
2019-06-18 18:03:36.142  INFO 3036 --- [restartedMain] o.s.web.context.ContextLoader            : Root WebApplicationContext: initialization completed in 10908 ms
2019-06-18 18:03:37.381  INFO 3036 --- [restartedMain] o.a.c.c.C.[Tomcat].[localhost].[/]       : org.tuckey.web.filters.urlrewrite.UrlRewriteFilter INFO: loaded (conf ok)
2019-06-18 18:03:37.538 DEBUG 3036 --- [restartedMain] c.v.m.service.foundation.ServiceFactory  : instance service: com.vpu.mp.service.saas.privilege.SystemUserService(0)
2019-06-18 18:03:37.548 DEBUG 3036 --- [restartedMain] c.v.m.service.foundation.ServiceFactory  : instance service: com.vpu.mp.service.saas.privilege.ChildAccountService(0)
2019-06-18 18:03:37.550 DEBUG 3036 --- [restartedMain] c.v.m.service.foundation.ServiceFactory  : instance service: com.vpu.mp.service.saas.privilege.RoleService(0)
2019-06-18 18:03:37.551 DEBUG 3036 --- [restartedMain] c.v.m.service.foundation.ServiceFactory  : instance service: com.vpu.mp.service.saas.privilege.MenuService(0)
2019-06-18 18:03:37.551 DEBUG 3036 --- [restartedMain] c.v.m.service.foundation.ServiceFactory  : load exists service: com.vpu.mp.service.saas.privilege.RoleService(0)
2019-06-18 18:03:37.552 DEBUG 3036 --- [restartedMain] c.v.m.service.foundation.ServiceFactory  : instance service: com.vpu.mp.service.saas.shop.ShopService(0)
2019-06-18 18:03:37.586 DEBUG 3036 --- [restartedMain] c.v.m.service.foundation.ServiceFactory  : instance service: com.vpu.mp.service.saas.shop.ShopAccountService(0)
2019-06-18 18:03:37.588 DEBUG 3036 --- [restartedMain] c.v.m.service.foundation.ServiceFactory  : instance service: com.vpu.mp.service.saas.shop.ShopRenewService(0)
2019-06-18 18:03:37.589 DEBUG 3036 --- [restartedMain] c.v.m.service.foundation.ServiceFactory  : instance service: com.vpu.mp.service.saas.shop.ShopVersionService(0)
2019-06-18 18:03:37.590 DEBUG 3036 --- [restartedMain] c.v.m.service.foundation.ServiceFactory  : instance service: com.vpu.mp.service.saas.shop.ShopChildAccountService(0)
2019-06-18 18:03:37.591 DEBUG 3036 --- [restartedMain] c.v.m.service.foundation.ServiceFactory  : instance service: com.vpu.mp.service.saas.shop.ShopRoleService(0)
2019-06-18 18:03:37.591 DEBUG 3036 --- [restartedMain] c.v.m.service.foundation.ServiceFactory  : instance service: com.vpu.mp.service.saas.shop.ShopMenuService(0)
2019-06-18 18:03:37.592 DEBUG 3036 --- [restartedMain] c.v.m.service.foundation.ServiceFactory  : instance service: com.vpu.mp.service.saas.shop.MpDecorationService(0)
2019-06-18 18:03:37.592 DEBUG 3036 --- [restartedMain] c.v.m.service.foundation.ServiceFactory  : instance service: com.vpu.mp.service.saas.shop.MpAuthShopService(0)
2019-06-18 18:03:37.593 DEBUG 3036 --- [restartedMain] c.v.m.service.foundation.ServiceFactory  : instance service: com.vpu.mp.service.saas.region.RegionService(0)
2019-06-18 18:03:37.597 DEBUG 3036 --- [restartedMain] c.v.m.service.foundation.ServiceFactory  : instance service: com.vpu.mp.service.saas.region.ProvinceService(0)
2019-06-18 18:03:37.597 DEBUG 3036 --- [restartedMain] c.v.m.service.foundation.ServiceFactory  : instance service: com.vpu.mp.service.saas.region.DistrictService(0)
2019-06-18 18:03:37.597 DEBUG 3036 --- [restartedMain] c.v.m.service.foundation.ServiceFactory  : instance service: com.vpu.mp.service.saas.region.CityService(0)
2019-06-18 18:03:37.598 DEBUG 3036 --- [restartedMain] c.v.m.service.foundation.ServiceFactory  : instance service: com.vpu.mp.service.saas.article.ArticleService(0)
2019-06-18 18:03:37.598 DEBUG 3036 --- [restartedMain] c.v.m.service.foundation.ServiceFactory  : load exists service: com.vpu.mp.service.saas.region.CityService(0)
2019-06-18 18:03:37.599 DEBUG 3036 --- [restartedMain] c.v.m.service.foundation.ServiceFactory  : load exists service: com.vpu.mp.service.saas.region.CityService(0)
2019-06-18 18:03:38.155  INFO 3036 --- [restartedMain] io.lettuce.core.EpollProvider            : Starting without optional epoll library
2019-06-18 18:03:38.157  INFO 3036 --- [restartedMain] io.lettuce.core.KqueueProvider           : Starting without optional kqueue library
2019-06-18 18:03:41.162  WARN 3036 --- [restartedMain] ConfigServletWebServerApplicationContext : Exception encountered during context initialization - cancelling refresh attempt: org.springframework.beans.factory.BeanCreationException: Error creating bean with name 'enableRedisKeyspaceNotificationsInitializer' defined in class path resource [org/springframework/session/data/redis/config/annotation/web/http/RedisHttpSessionConfiguration.class]: Invocation of init method failed; nested exception is org.springframework.data.redis.connection.PoolException: Could not get a resource from the pool; nested exception is io.lettuce.core.RedisConnectionException: Unable to connect to 127.0.0.1:6379
2019-06-18 18:03:42.411  INFO 3036 --- [restartedMain] o.apache.catalina.core.StandardService   : Stopping service [Tomcat]
2019-06-18 18:03:42.416  INFO 3036 --- [restartedMain] o.a.c.c.C.[Tomcat].[localhost].[/]       : org.tuckey.web.filters.urlrewrite.UrlRewriteFilter INFO: destroy called
2019-06-18 18:03:42.547  INFO 3036 --- [restartedMain] ConditionEvaluationReportLoggingListener : 

Error starting ApplicationContext. To display the conditions report re-run your application with 'debug' enabled.
2019-06-18 18:03:42.571 ERROR 3036 --- [restartedMain] o.s.boot.SpringApplication               : Application run failed

org.springframework.beans.factory.BeanCreationException: Error creating bean with name 'enableRedisKeyspaceNotificationsInitializer' defined in class path resource [org/springframework/session/data/redis/config/annotation/web/http/RedisHttpSessionConfiguration.class]: Invocation of init method failed; nested exception is org.springframework.data.redis.connection.PoolException: Could not get a resource from the pool; nested exception is io.lettuce.core.RedisConnectionException: Unable to connect to 127.0.0.1:6379
	at org.springframework.beans.factory.support.AbstractAutowireCapableBeanFactory.initializeBean(AbstractAutowireCapableBeanFactory.java:1778) ~[spring-beans-5.1.6.RELEASE.jar:5.1.6.RELEASE]
	at org.springframework.beans.factory.support.AbstractAutowireCapableBeanFactory.doCreateBean(AbstractAutowireCapableBeanFactory.java:593) ~[spring-beans-5.1.6.RELEASE.jar:5.1.6.RELEASE]
	at org.springframework.beans.factory.support.AbstractAutowireCapableBeanFactory.createBean(AbstractAutowireCapableBeanFactory.java:515) ~[spring-beans-5.1.6.RELEASE.jar:5.1.6.RELEASE]
	at org.springframework.beans.factory.support.AbstractBeanFactory.lambda$doGetBean$0(AbstractBeanFactory.java:320) ~[spring-beans-5.1.6.RELEASE.jar:5.1.6.RELEASE]
	at org.springframework.beans.factory.support.DefaultSingletonBeanRegistry.getSingleton(DefaultSingletonBeanRegistry.java:222) ~[spring-beans-5.1.6.RELEASE.jar:5.1.6.RELEASE]
	at org.springframework.beans.factory.support.AbstractBeanFactory.doGetBean(AbstractBeanFactory.java:318) ~[spring-beans-5.1.6.RELEASE.jar:5.1.6.RELEASE]
	at org.springframework.beans.factory.support.AbstractBeanFactory.getBean(AbstractBeanFactory.java:199) ~[spring-beans-5.1.6.RELEASE.jar:5.1.6.RELEASE]
	at org.springframework.beans.factory.support.DefaultListableBeanFactory.preInstantiateSingletons(DefaultListableBeanFactory.java:849) ~[spring-beans-5.1.6.RELEASE.jar:5.1.6.RELEASE]
	at org.springframework.context.support.AbstractApplicationContext.finishBeanFactoryInitialization(AbstractApplicationContext.java:877) ~[spring-context-5.1.6.RELEASE.jar:5.1.6.RELEASE]
	at org.springframework.context.support.AbstractApplicationContext.refresh(AbstractApplicationContext.java:549) ~[spring-context-5.1.6.RELEASE.jar:5.1.6.RELEASE]
	at org.springframework.boot.web.servlet.context.ServletWebServerApplicationContext.refresh(ServletWebServerApplicationContext.java:142) ~[spring-boot-2.1.4.RELEASE.jar:2.1.4.RELEASE]
	at org.springframework.boot.SpringApplication.refresh(SpringApplication.java:775) ~[spring-boot-2.1.4.RELEASE.jar:2.1.4.RELEASE]
	at org.springframework.boot.SpringApplication.refreshContext(SpringApplication.java:397) ~[spring-boot-2.1.4.RELEASE.jar:2.1.4.RELEASE]
	at org.springframework.boot.SpringApplication.run(SpringApplication.java:316) ~[spring-boot-2.1.4.RELEASE.jar:2.1.4.RELEASE]
	at com.vpu.mp.MpApplication.main(MpApplication.java:19) [classes/:na]
	at sun.reflect.NativeMethodAccessorImpl.invoke0(Native Method) ~[na:1.8.0_131]
	at sun.reflect.NativeMethodAccessorImpl.invoke(Unknown Source) ~[na:1.8.0_131]
	at sun.reflect.DelegatingMethodAccessorImpl.invoke(Unknown Source) ~[na:1.8.0_131]
	at java.lang.reflect.Method.invoke(Unknown Source) ~[na:1.8.0_131]
	at org.springframework.boot.devtools.restart.RestartLauncher.run(RestartLauncher.java:49) [spring-boot-devtools-2.1.4.RELEASE.jar:2.1.4.RELEASE]
Caused by: org.springframework.data.redis.connection.PoolException: Could not get a resource from the pool; nested exception is io.lettuce.core.RedisConnectionException: Unable to connect to 127.0.0.1:6379
	at org.springframework.data.redis.connection.lettuce.LettucePoolingConnectionProvider.getConnection(LettucePoolingConnectionProvider.java:86) ~[spring-data-redis-2.1.6.RELEASE.jar:2.1.6.RELEASE]
	at org.springframework.data.redis.connection.lettuce.LettuceConnectionFactory$SharedConnection.getNativeConnection(LettuceConnectionFactory.java:1104) ~[spring-data-redis-2.1.6.RELEASE.jar:2.1.6.RELEASE]
	at org.springframework.data.redis.connection.lettuce.LettuceConnectionFactory$SharedConnection.getConnection(LettuceConnectionFactory.java:1084) ~[spring-data-redis-2.1.6.RELEASE.jar:2.1.6.RELEASE]
	at org.springframework.data.redis.connection.lettuce.LettuceConnectionFactory.getSharedConnection(LettuceConnectionFactory.java:866) ~[spring-data-redis-2.1.6.RELEASE.jar:2.1.6.RELEASE]
	at org.springframework.data.redis.connection.lettuce.LettuceConnectionFactory.getConnection(LettuceConnectionFactory.java:341) ~[spring-data-redis-2.1.6.RELEASE.jar:2.1.6.RELEASE]
	at org.springframework.session.data.redis.config.annotation.web.http.RedisHttpSessionConfiguration$EnableRedisKeyspaceNotificationsInitializer.afterPropertiesSet(RedisHttpSessionConfiguration.java:302) ~[spring-session-data-redis-2.1.5.RELEASE.jar:2.1.5.RELEASE]
	at org.springframework.beans.factory.support.AbstractAutowireCapableBeanFactory.invokeInitMethods(AbstractAutowireCapableBeanFactory.java:1837) ~[spring-beans-5.1.6.RELEASE.jar:5.1.6.RELEASE]
	at org.springframework.beans.factory.support.AbstractAutowireCapableBeanFactory.initializeBean(AbstractAutowireCapableBeanFactory.java:1774) ~[spring-beans-5.1.6.RELEASE.jar:5.1.6.RELEASE]
	... 19 common frames omitted
Caused by: io.lettuce.core.RedisConnectionException: Unable to connect to 127.0.0.1:6379
	at io.lettuce.core.RedisConnectionException.create(RedisConnectionException.java:78) ~[lettuce-core-5.1.6.RELEASE.jar:na]
	at io.lettuce.core.RedisConnectionException.create(RedisConnectionException.java:56) ~[lettuce-core-5.1.6.RELEASE.jar:na]
	at io.lettuce.core.AbstractRedisClient.getConnection(AbstractRedisClient.java:235) ~[lettuce-core-5.1.6.RELEASE.jar:na]
	at io.lettuce.core.RedisClient.connect(RedisClient.java:204) ~[lettuce-core-5.1.6.RELEASE.jar:na]
	at org.springframework.data.redis.connection.lettuce.StandaloneConnectionProvider.lambda$getConnection$1(StandaloneConnectionProvider.java:113) ~[spring-data-redis-2.1.6.RELEASE.jar:2.1.6.RELEASE]
	at java.util.Optional.orElseGet(Unknown Source) ~[na:1.8.0_131]
	at org.springframework.data.redis.connection.lettuce.StandaloneConnectionProvider.getConnection(StandaloneConnectionProvider.java:113) ~[spring-data-redis-2.1.6.RELEASE.jar:2.1.6.RELEASE]
	at org.springframework.data.redis.connection.lettuce.LettucePoolingConnectionProvider.lambda$null$0(LettucePoolingConnectionProvider.java:74) ~[spring-data-redis-2.1.6.RELEASE.jar:2.1.6.RELEASE]
	at io.lettuce.core.support.ConnectionPoolSupport$RedisPooledObjectFactory.create(ConnectionPoolSupport.java:209) ~[lettuce-core-5.1.6.RELEASE.jar:na]
	at io.lettuce.core.support.ConnectionPoolSupport$RedisPooledObjectFactory.create(ConnectionPoolSupport.java:199) ~[lettuce-core-5.1.6.RELEASE.jar:na]
	at org.apache.commons.pool2.BasePooledObjectFactory.makeObject(BasePooledObjectFactory.java:58) ~[commons-pool2-2.6.1.jar:2.6.1]
	at org.apache.commons.pool2.impl.GenericObjectPool.create(GenericObjectPool.java:874) ~[commons-pool2-2.6.1.jar:2.6.1]
	at org.apache.commons.pool2.impl.GenericObjectPool.borrowObject(GenericObjectPool.java:417) ~[commons-pool2-2.6.1.jar:2.6.1]
	at org.apache.commons.pool2.impl.GenericObjectPool.borrowObject(GenericObjectPool.java:346) ~[commons-pool2-2.6.1.jar:2.6.1]
	at io.lettuce.core.support.ConnectionPoolSupport$1.borrowObject(ConnectionPoolSupport.java:122) ~[lettuce-core-5.1.6.RELEASE.jar:na]
	at io.lettuce.core.support.ConnectionPoolSupport$1.borrowObject(ConnectionPoolSupport.java:117) ~[lettuce-core-5.1.6.RELEASE.jar:na]
	at org.springframework.data.redis.connection.lettuce.LettucePoolingConnectionProvider.getConnection(LettucePoolingConnectionProvider.java:80) ~[spring-data-redis-2.1.6.RELEASE.jar:2.1.6.RELEASE]
	... 26 common frames omitted
Caused by: io.lettuce.core.RedisCommandExecutionException: ERR Client sent AUTH, but no password is set
	at io.lettuce.core.ExceptionFactory.createExecutionException(ExceptionFactory.java:135) ~[lettuce-core-5.1.6.RELEASE.jar:na]
	at io.lettuce.core.ExceptionFactory.createExecutionException(ExceptionFactory.java:108) ~[lettuce-core-5.1.6.RELEASE.jar:na]
	at io.lettuce.core.protocol.AsyncCommand.completeResult(AsyncCommand.java:120) ~[lettuce-core-5.1.6.RELEASE.jar:na]
	at io.lettuce.core.protocol.AsyncCommand.complete(AsyncCommand.java:111) ~[lettuce-core-5.1.6.RELEASE.jar:na]
	at io.lettuce.core.protocol.CommandHandler.complete(CommandHandler.java:646) ~[lettuce-core-5.1.6.RELEASE.jar:na]
	at io.lettuce.core.protocol.CommandHandler.decode(CommandHandler.java:604) ~[lettuce-core-5.1.6.RELEASE.jar:na]
	at io.lettuce.core.protocol.CommandHandler.channelRead(CommandHandler.java:556) ~[lettuce-core-5.1.6.RELEASE.jar:na]
	at io.netty.channel.AbstractChannelHandlerContext.invokeChannelRead(AbstractChannelHandlerContext.java:359) ~[netty-transport-4.1.34.Final.jar:4.1.34.Final]
	at io.netty.channel.AbstractChannelHandlerContext.invokeChannelRead(AbstractChannelHandlerContext.java:345) ~[netty-transport-4.1.34.Final.jar:4.1.34.Final]
	at io.netty.channel.AbstractChannelHandlerContext.fireChannelRead(AbstractChannelHandlerContext.java:337) ~[netty-transport-4.1.34.Final.jar:4.1.34.Final]
	at io.netty.channel.ChannelInboundHandlerAdapter.channelRead(ChannelInboundHandlerAdapter.java:86) ~[netty-transport-4.1.34.Final.jar:4.1.34.Final]
	at io.netty.channel.AbstractChannelHandlerContext.invokeChannelRead(AbstractChannelHandlerContext.java:359) ~[netty-transport-4.1.34.Final.jar:4.1.34.Final]
	at io.netty.channel.AbstractChannelHandlerContext.invokeChannelRead(AbstractChannelHandlerContext.java:345) ~[netty-transport-4.1.34.Final.jar:4.1.34.Final]
	at io.netty.channel.AbstractChannelHandlerContext.fireChannelRead(AbstractChannelHandlerContext.java:337) ~[netty-transport-4.1.34.Final.jar:4.1.34.Final]
	at io.netty.channel.ChannelInboundHandlerAdapter.channelRead(ChannelInboundHandlerAdapter.java:86) ~[netty-transport-4.1.34.Final.jar:4.1.34.Final]
	at io.netty.channel.AbstractChannelHandlerContext.invokeChannelRead(AbstractChannelHandlerContext.java:359) ~[netty-transport-4.1.34.Final.jar:4.1.34.Final]
	at io.netty.channel.AbstractChannelHandlerContext.invokeChannelRead(AbstractChannelHandlerContext.java:345) ~[netty-transport-4.1.34.Final.jar:4.1.34.Final]
	at io.netty.channel.AbstractChannelHandlerContext.fireChannelRead(AbstractChannelHandlerContext.java:337) ~[netty-transport-4.1.34.Final.jar:4.1.34.Final]
	at io.netty.channel.DefaultChannelPipeline$HeadContext.channelRead(DefaultChannelPipeline.java:1408) ~[netty-transport-4.1.34.Final.jar:4.1.34.Final]
	at io.netty.channel.AbstractChannelHandlerContext.invokeChannelRead(AbstractChannelHandlerContext.java:359) ~[netty-transport-4.1.34.Final.jar:4.1.34.Final]
	at io.netty.channel.AbstractChannelHandlerContext.invokeChannelRead(AbstractChannelHandlerContext.java:345) ~[netty-transport-4.1.34.Final.jar:4.1.34.Final]
	at io.netty.channel.DefaultChannelPipeline.fireChannelRead(DefaultChannelPipeline.java:930) ~[netty-transport-4.1.34.Final.jar:4.1.34.Final]
	at io.netty.channel.nio.AbstractNioByteChannel$NioByteUnsafe.read(AbstractNioByteChannel.java:163) ~[netty-transport-4.1.34.Final.jar:4.1.34.Final]
	at io.netty.channel.nio.NioEventLoop.processSelectedKey(NioEventLoop.java:677) ~[netty-transport-4.1.34.Final.jar:4.1.34.Final]
	at io.netty.channel.nio.NioEventLoop.processSelectedKeysOptimized(NioEventLoop.java:612) ~[netty-transport-4.1.34.Final.jar:4.1.34.Final]
	at io.netty.channel.nio.NioEventLoop.processSelectedKeys(NioEventLoop.java:529) ~[netty-transport-4.1.34.Final.jar:4.1.34.Final]
	at io.netty.channel.nio.NioEventLoop.run(NioEventLoop.java:491) ~[netty-transport-4.1.34.Final.jar:4.1.34.Final]
	at io.netty.util.concurrent.SingleThreadEventExecutor$5.run(SingleThreadEventExecutor.java:905) ~[netty-common-4.1.34.Final.jar:4.1.34.Final]
	at io.netty.util.concurrent.FastThreadLocalRunnable.run(FastThreadLocalRunnable.java:30) ~[netty-common-4.1.34.Final.jar:4.1.34.Final]
	at java.lang.Thread.run(Unknown Source) ~[na:1.8.0_131]

2019-06-18 18:08:14.312  INFO 3972 --- [restartedMain] com.vpu.mp.MpApplication                 : Starting MpApplication on WIN-I12TT7U969D with PID 3972 (D:\svn\java\mp_java\branches\jmp\target\classes started by 新国 in D:\svn\java\mp_java\branches\jmp)
2019-06-18 18:08:14.320 DEBUG 3972 --- [restartedMain] com.vpu.mp.MpApplication                 : Running with Spring Boot v2.1.4.RELEASE, Spring v5.1.6.RELEASE
2019-06-18 18:08:14.321  INFO 3972 --- [restartedMain] com.vpu.mp.MpApplication                 : The following profiles are active: dev-win
2019-06-18 18:08:14.469  INFO 3972 --- [restartedMain] .e.DevToolsPropertyDefaultsPostProcessor : Devtools property defaults active! Set 'spring.devtools.add-properties' to 'false' to disable
2019-06-18 18:08:14.469  INFO 3972 --- [restartedMain] .e.DevToolsPropertyDefaultsPostProcessor : For additional web related logging consider setting the 'logging.level.web' property to 'DEBUG'
2019-06-18 18:08:23.484  INFO 3972 --- [restartedMain] .s.d.r.c.RepositoryConfigurationDelegate : Multiple Spring Data modules found, entering strict repository configuration mode!
2019-06-18 18:08:23.490  INFO 3972 --- [restartedMain] .s.d.r.c.RepositoryConfigurationDelegate : Bootstrapping Spring Data repositories in DEFAULT mode.
2019-06-18 18:08:23.993  INFO 3972 --- [restartedMain] .s.d.r.c.RepositoryConfigurationDelegate : Finished Spring Data repository scanning in 482ms. Found 0 repository interfaces.
2019-06-18 18:08:24.628 ERROR 3972 --- [restartedMain] o.a.catalina.core.AprLifecycleListener   : An incompatible version [1.2.12] of the APR based Apache Tomcat Native library is installed, while Tomcat requires version [1.2.14]
2019-06-18 18:08:24.941 ERROR 3972 --- [restartedMain] o.a.catalina.core.AprLifecycleListener   : An incompatible version [1.2.12] of the APR based Apache Tomcat Native library is installed, while Tomcat requires version [1.2.14]
2019-06-18 18:08:25.472  INFO 3972 --- [restartedMain] o.s.b.w.embedded.tomcat.TomcatWebServer  : Tomcat initialized with port(s): 8086 (http)
2019-06-18 18:08:25.497 ERROR 3972 --- [restartedMain] o.a.catalina.core.AprLifecycleListener   : An incompatible version [1.2.12] of the APR based Apache Tomcat Native library is installed, while Tomcat requires version [1.2.14]
2019-06-18 18:08:25.511  INFO 3972 --- [restartedMain] o.apache.catalina.core.StandardService   : Starting service [Tomcat]
2019-06-18 18:08:25.512  INFO 3972 --- [restartedMain] org.apache.catalina.core.StandardEngine  : Starting Servlet engine: [Apache Tomcat/9.0.17]
2019-06-18 18:08:25.746  INFO 3972 --- [restartedMain] o.a.c.c.C.[Tomcat].[localhost].[/]       : Initializing Spring embedded WebApplicationContext
2019-06-18 18:08:25.747  INFO 3972 --- [restartedMain] o.s.web.context.ContextLoader            : Root WebApplicationContext: initialization completed in 11278 ms
2019-06-18 18:08:26.480  INFO 3972 --- [restartedMain] o.a.c.c.C.[Tomcat].[localhost].[/]       : org.tuckey.web.filters.urlrewrite.UrlRewriteFilter INFO: loaded (conf ok)
2019-06-18 18:08:26.586 DEBUG 3972 --- [restartedMain] c.v.m.service.foundation.ServiceFactory  : instance service: com.vpu.mp.service.saas.privilege.SystemUserService(0)
2019-06-18 18:08:26.589 DEBUG 3972 --- [restartedMain] c.v.m.service.foundation.ServiceFactory  : instance service: com.vpu.mp.service.saas.privilege.ChildAccountService(0)
2019-06-18 18:08:26.590 DEBUG 3972 --- [restartedMain] c.v.m.service.foundation.ServiceFactory  : instance service: com.vpu.mp.service.saas.privilege.RoleService(0)
2019-06-18 18:08:26.591 DEBUG 3972 --- [restartedMain] c.v.m.service.foundation.ServiceFactory  : instance service: com.vpu.mp.service.saas.privilege.MenuService(0)
2019-06-18 18:08:26.591 DEBUG 3972 --- [restartedMain] c.v.m.service.foundation.ServiceFactory  : load exists service: com.vpu.mp.service.saas.privilege.RoleService(0)
2019-06-18 18:08:26.592 DEBUG 3972 --- [restartedMain] c.v.m.service.foundation.ServiceFactory  : instance service: com.vpu.mp.service.saas.shop.ShopService(0)
2019-06-18 18:08:26.601 DEBUG 3972 --- [restartedMain] c.v.m.service.foundation.ServiceFactory  : instance service: com.vpu.mp.service.saas.shop.ShopAccountService(0)
2019-06-18 18:08:26.603 DEBUG 3972 --- [restartedMain] c.v.m.service.foundation.ServiceFactory  : instance service: com.vpu.mp.service.saas.shop.ShopRenewService(0)
2019-06-18 18:08:26.604 DEBUG 3972 --- [restartedMain] c.v.m.service.foundation.ServiceFactory  : instance service: com.vpu.mp.service.saas.shop.ShopVersionService(0)
2019-06-18 18:08:26.605 DEBUG 3972 --- [restartedMain] c.v.m.service.foundation.ServiceFactory  : instance service: com.vpu.mp.service.saas.shop.ShopChildAccountService(0)
2019-06-18 18:08:26.608 DEBUG 3972 --- [restartedMain] c.v.m.service.foundation.ServiceFactory  : instance service: com.vpu.mp.service.saas.shop.ShopRoleService(0)
2019-06-18 18:08:26.608 DEBUG 3972 --- [restartedMain] c.v.m.service.foundation.ServiceFactory  : instance service: com.vpu.mp.service.saas.shop.ShopMenuService(0)
2019-06-18 18:08:26.609 DEBUG 3972 --- [restartedMain] c.v.m.service.foundation.ServiceFactory  : instance service: com.vpu.mp.service.saas.shop.MpDecorationService(0)
2019-06-18 18:08:26.609 DEBUG 3972 --- [restartedMain] c.v.m.service.foundation.ServiceFactory  : instance service: com.vpu.mp.service.saas.shop.MpAuthShopService(0)
2019-06-18 18:08:26.610 DEBUG 3972 --- [restartedMain] c.v.m.service.foundation.ServiceFactory  : instance service: com.vpu.mp.service.saas.region.RegionService(0)
2019-06-18 18:08:26.612 DEBUG 3972 --- [restartedMain] c.v.m.service.foundation.ServiceFactory  : instance service: com.vpu.mp.service.saas.region.ProvinceService(0)
2019-06-18 18:08:26.614 DEBUG 3972 --- [restartedMain] c.v.m.service.foundation.ServiceFactory  : instance service: com.vpu.mp.service.saas.region.DistrictService(0)
2019-06-18 18:08:26.615 DEBUG 3972 --- [restartedMain] c.v.m.service.foundation.ServiceFactory  : instance service: com.vpu.mp.service.saas.region.CityService(0)
2019-06-18 18:08:26.615 DEBUG 3972 --- [restartedMain] c.v.m.service.foundation.ServiceFactory  : instance service: com.vpu.mp.service.saas.article.ArticleService(0)
2019-06-18 18:08:26.615 DEBUG 3972 --- [restartedMain] c.v.m.service.foundation.ServiceFactory  : load exists service: com.vpu.mp.service.saas.region.CityService(0)
2019-06-18 18:08:26.616 DEBUG 3972 --- [restartedMain] c.v.m.service.foundation.ServiceFactory  : load exists service: com.vpu.mp.service.saas.region.CityService(0)
2019-06-18 18:08:27.081  INFO 3972 --- [restartedMain] io.lettuce.core.EpollProvider            : Starting without optional epoll library
2019-06-18 18:08:27.087  INFO 3972 --- [restartedMain] io.lettuce.core.KqueueProvider           : Starting without optional kqueue library
2019-06-18 18:08:31.008  INFO 3972 --- [restartedMain] o.s.s.concurrent.ThreadPoolTaskExecutor  : Initializing ExecutorService 'applicationTaskExecutor'
2019-06-18 18:08:34.484  INFO 3972 --- [restartedMain] o.s.b.d.a.OptionalLiveReloadServer       : LiveReload server is running on port 35729
2019-06-18 18:08:35.615  INFO 3972 --- [restartedMain] s.a.ScheduledAnnotationBeanPostProcessor : No TaskScheduler/ScheduledExecutorService bean found for scheduled processing
2019-06-18 18:08:36.396  INFO 3972 --- [restartedMain] o.s.b.w.embedded.tomcat.TomcatWebServer  : Tomcat started on port(s): 8086 (http) with context path ''
2019-06-18 18:08:36.421  INFO 3972 --- [restartedMain] com.vpu.mp.MpApplication                 : Started MpApplication in 23.043 seconds (JVM running for 25.898)
2019-06-18 18:39:01.804  INFO 3972 --- [http-nio-8086-exec-1] o.a.c.c.C.[Tomcat].[localhost].[/]       : Initializing Spring DispatcherServlet 'dispatcherServlet'
2019-06-18 18:39:01.809  INFO 3972 --- [http-nio-8086-exec-1] o.s.web.servlet.DispatcherServlet        : Initializing Servlet 'dispatcherServlet'
2019-06-18 18:39:01.842  INFO 3972 --- [http-nio-8086-exec-1] o.s.web.servlet.DispatcherServlet        : Completed initialization in 33 ms
2019-06-18 18:39:32.972  INFO 3972 --- [http-nio-8086-exec-2] o.apache.coyote.http11.Http11Processor   : Error parsing HTTP request header
 Note: further occurrences of HTTP request parsing errors will be logged at DEBUG level.

java.lang.IllegalArgumentException: Invalid character found in method name. HTTP method names must be tokens
	at org.apache.coyote.http11.Http11InputBuffer.parseRequestLine(Http11InputBuffer.java:414) ~[tomcat-embed-core-9.0.17.jar:9.0.17]
	at org.apache.coyote.http11.Http11Processor.service(Http11Processor.java:294) ~[tomcat-embed-core-9.0.17.jar:9.0.17]
	at org.apache.coyote.AbstractProcessorLight.process(AbstractProcessorLight.java:66) [tomcat-embed-core-9.0.17.jar:9.0.17]
	at org.apache.coyote.AbstractProtocol$ConnectionHandler.process(AbstractProtocol.java:834) [tomcat-embed-core-9.0.17.jar:9.0.17]
	at org.apache.tomcat.util.net.NioEndpoint$SocketProcessor.doRun(NioEndpoint.java:1415) [tomcat-embed-core-9.0.17.jar:9.0.17]
	at org.apache.tomcat.util.net.SocketProcessorBase.run(SocketProcessorBase.java:49) [tomcat-embed-core-9.0.17.jar:9.0.17]
	at java.util.concurrent.ThreadPoolExecutor.runWorker(Unknown Source) [na:1.8.0_131]
	at java.util.concurrent.ThreadPoolExecutor$Worker.run(Unknown Source) [na:1.8.0_131]
	at org.apache.tomcat.util.threads.TaskThread$WrappingRunnable.run(TaskThread.java:61) [tomcat-embed-core-9.0.17.jar:9.0.17]
	at java.lang.Thread.run(Unknown Source) [na:1.8.0_131]

2019-06-18 18:41:49.131  INFO 3972 --- [RMI TCP Connection(36)-127.0.0.1] inMXBeanRegistrar$SpringApplicationAdmin : Application shutdown requested.
2019-06-18 18:41:49.344  INFO 3972 --- [RMI TCP Connection(36)-127.0.0.1] o.s.s.concurrent.ThreadPoolTaskExecutor  : Shutting down ExecutorService 'applicationTaskExecutor'
2019-06-18 18:42:10.682  INFO 1208 --- [restartedMain] com.vpu.mp.MpApplication                 : Starting MpApplication on WIN-I12TT7U969D with PID 1208 (D:\svn\java\mp_java\branches\jmp\target\classes started by 新国 in D:\svn\java\mp_java\branches\jmp)
2019-06-18 18:42:10.704 DEBUG 1208 --- [restartedMain] com.vpu.mp.MpApplication                 : Running with Spring Boot v2.1.4.RELEASE, Spring v5.1.6.RELEASE
2019-06-18 18:42:10.705  INFO 1208 --- [restartedMain] com.vpu.mp.MpApplication                 : The following profiles are active: dev-win
2019-06-18 18:42:10.849  INFO 1208 --- [restartedMain] .e.DevToolsPropertyDefaultsPostProcessor : Devtools property defaults active! Set 'spring.devtools.add-properties' to 'false' to disable
2019-06-18 18:42:10.850  INFO 1208 --- [restartedMain] .e.DevToolsPropertyDefaultsPostProcessor : For additional web related logging consider setting the 'logging.level.web' property to 'DEBUG'
2019-06-18 18:42:15.352  INFO 1208 --- [restartedMain] .s.d.r.c.RepositoryConfigurationDelegate : Multiple Spring Data modules found, entering strict repository configuration mode!
2019-06-18 18:42:15.356  INFO 1208 --- [restartedMain] .s.d.r.c.RepositoryConfigurationDelegate : Bootstrapping Spring Data repositories in DEFAULT mode.
2019-06-18 18:42:15.969  INFO 1208 --- [restartedMain] .s.d.r.c.RepositoryConfigurationDelegate : Finished Spring Data repository scanning in 580ms. Found 0 repository interfaces.
2019-06-18 18:42:16.999 ERROR 1208 --- [restartedMain] o.a.catalina.core.AprLifecycleListener   : An incompatible version [1.2.12] of the APR based Apache Tomcat Native library is installed, while Tomcat requires version [1.2.14]
2019-06-18 18:42:17.450 ERROR 1208 --- [restartedMain] o.a.catalina.core.AprLifecycleListener   : An incompatible version [1.2.12] of the APR based Apache Tomcat Native library is installed, while Tomcat requires version [1.2.14]
2019-06-18 18:42:19.719  INFO 1208 --- [restartedMain] o.s.b.w.embedded.tomcat.TomcatWebServer  : Tomcat initialized with port(s): 8086 (http)
2019-06-18 18:42:19.797 ERROR 1208 --- [restartedMain] o.a.catalina.core.AprLifecycleListener   : An incompatible version [1.2.12] of the APR based Apache Tomcat Native library is installed, while Tomcat requires version [1.2.14]
2019-06-18 18:42:19.907  INFO 1208 --- [restartedMain] o.apache.catalina.core.StandardService   : Starting service [Tomcat]
2019-06-18 18:42:19.907  INFO 1208 --- [restartedMain] org.apache.catalina.core.StandardEngine  : Starting Servlet engine: [Apache Tomcat/9.0.17]
2019-06-18 18:42:20.280  INFO 1208 --- [restartedMain] o.a.c.c.C.[Tomcat].[localhost].[/]       : Initializing Spring embedded WebApplicationContext
2019-06-18 18:42:20.280  INFO 1208 --- [restartedMain] o.s.web.context.ContextLoader            : Root WebApplicationContext: initialization completed in 9430 ms
2019-06-18 18:42:21.316  INFO 1208 --- [restartedMain] o.a.c.c.C.[Tomcat].[localhost].[/]       : org.tuckey.web.filters.urlrewrite.UrlRewriteFilter INFO: loaded (conf ok)
2019-06-18 18:42:21.390 DEBUG 1208 --- [restartedMain] c.v.m.service.foundation.ServiceFactory  : instance service: com.vpu.mp.service.saas.privilege.SystemUserService(0)
2019-06-18 18:42:21.394 DEBUG 1208 --- [restartedMain] c.v.m.service.foundation.ServiceFactory  : instance service: com.vpu.mp.service.saas.privilege.ChildAccountService(0)
2019-06-18 18:42:21.394 DEBUG 1208 --- [restartedMain] c.v.m.service.foundation.ServiceFactory  : instance service: com.vpu.mp.service.saas.privilege.RoleService(0)
2019-06-18 18:42:21.395 DEBUG 1208 --- [restartedMain] c.v.m.service.foundation.ServiceFactory  : instance service: com.vpu.mp.service.saas.privilege.MenuService(0)
2019-06-18 18:42:21.395 DEBUG 1208 --- [restartedMain] c.v.m.service.foundation.ServiceFactory  : load exists service: com.vpu.mp.service.saas.privilege.RoleService(0)
2019-06-18 18:42:21.395 DEBUG 1208 --- [restartedMain] c.v.m.service.foundation.ServiceFactory  : instance service: com.vpu.mp.service.saas.shop.ShopService(0)
2019-06-18 18:42:21.399 DEBUG 1208 --- [restartedMain] c.v.m.service.foundation.ServiceFactory  : instance service: com.vpu.mp.service.saas.shop.ShopAccountService(0)
2019-06-18 18:42:21.400 DEBUG 1208 --- [restartedMain] c.v.m.service.foundation.ServiceFactory  : instance service: com.vpu.mp.service.saas.shop.ShopRenewService(0)
2019-06-18 18:42:21.401 DEBUG 1208 --- [restartedMain] c.v.m.service.foundation.ServiceFactory  : instance service: com.vpu.mp.service.saas.shop.ShopVersionService(0)
2019-06-18 18:42:21.401 DEBUG 1208 --- [restartedMain] c.v.m.service.foundation.ServiceFactory  : instance service: com.vpu.mp.service.saas.shop.ShopChildAccountService(0)
2019-06-18 18:42:21.401 DEBUG 1208 --- [restartedMain] c.v.m.service.foundation.ServiceFactory  : instance service: com.vpu.mp.service.saas.shop.ShopRoleService(0)
2019-06-18 18:42:21.401 DEBUG 1208 --- [restartedMain] c.v.m.service.foundation.ServiceFactory  : instance service: com.vpu.mp.service.saas.shop.ShopMenuService(0)
2019-06-18 18:42:21.401 DEBUG 1208 --- [restartedMain] c.v.m.service.foundation.ServiceFactory  : instance service: com.vpu.mp.service.saas.shop.MpDecorationService(0)
2019-06-18 18:42:21.402 DEBUG 1208 --- [restartedMain] c.v.m.service.foundation.ServiceFactory  : instance service: com.vpu.mp.service.saas.shop.MpAuthShopService(0)
2019-06-18 18:42:21.402 DEBUG 1208 --- [restartedMain] c.v.m.service.foundation.ServiceFactory  : instance service: com.vpu.mp.service.saas.region.RegionService(0)
2019-06-18 18:42:21.403 DEBUG 1208 --- [restartedMain] c.v.m.service.foundation.ServiceFactory  : instance service: com.vpu.mp.service.saas.region.ProvinceService(0)
2019-06-18 18:42:21.404 DEBUG 1208 --- [restartedMain] c.v.m.service.foundation.ServiceFactory  : instance service: com.vpu.mp.service.saas.region.DistrictService(0)
2019-06-18 18:42:21.404 DEBUG 1208 --- [restartedMain] c.v.m.service.foundation.ServiceFactory  : instance service: com.vpu.mp.service.saas.region.CityService(0)
2019-06-18 18:42:21.404 DEBUG 1208 --- [restartedMain] c.v.m.service.foundation.ServiceFactory  : instance service: com.vpu.mp.service.saas.article.ArticleService(0)
2019-06-18 18:42:21.405 DEBUG 1208 --- [restartedMain] c.v.m.service.foundation.ServiceFactory  : load exists service: com.vpu.mp.service.saas.region.CityService(0)
2019-06-18 18:42:21.405 DEBUG 1208 --- [restartedMain] c.v.m.service.foundation.ServiceFactory  : load exists service: com.vpu.mp.service.saas.region.CityService(0)
2019-06-18 18:42:21.909  INFO 1208 --- [restartedMain] io.lettuce.core.EpollProvider            : Starting without optional epoll library
2019-06-18 18:42:21.914  INFO 1208 --- [restartedMain] io.lettuce.core.KqueueProvider           : Starting without optional kqueue library
2019-06-18 18:42:24.627  INFO 1208 --- [restartedMain] o.s.s.concurrent.ThreadPoolTaskExecutor  : Initializing ExecutorService 'applicationTaskExecutor'
2019-06-18 18:42:26.182  INFO 1208 --- [restartedMain] o.s.b.d.a.OptionalLiveReloadServer       : LiveReload server is running on port 35729
2019-06-18 18:42:26.753  INFO 1208 --- [restartedMain] s.a.ScheduledAnnotationBeanPostProcessor : No TaskScheduler/ScheduledExecutorService bean found for scheduled processing
2019-06-18 18:42:26.858  INFO 1208 --- [restartedMain] o.s.b.w.embedded.tomcat.TomcatWebServer  : Tomcat started on port(s): 8086 (http) with context path ''
2019-06-18 18:42:26.918  INFO 1208 --- [restartedMain] com.vpu.mp.MpApplication                 : Started MpApplication in 17.263 seconds (JVM running for 21.884)
2019-06-18 18:42:34.424  INFO 1208 --- [http-nio-8086-exec-1] o.a.c.c.C.[Tomcat].[localhost].[/]       : Initializing Spring DispatcherServlet 'dispatcherServlet'
2019-06-18 18:42:34.425  INFO 1208 --- [http-nio-8086-exec-1] o.s.web.servlet.DispatcherServlet        : Initializing Servlet 'dispatcherServlet'
2019-06-18 18:42:34.438  INFO 1208 --- [http-nio-8086-exec-1] o.s.web.servlet.DispatcherServlet        : Completed initialization in 13 ms
2019-06-18 18:43:21.808  INFO 1208 --- [Thread-7] o.s.s.concurrent.ThreadPoolTaskExecutor  : Shutting down ExecutorService 'applicationTaskExecutor'
2019-06-18 18:43:24.277  INFO 1208 --- [restartedMain] com.vpu.mp.MpApplication                 : Starting MpApplication on WIN-I12TT7U969D with PID 1208 (D:\svn\java\mp_java\branches\jmp\target\classes started by 新国 in D:\svn\java\mp_java\branches\jmp)
2019-06-18 18:43:24.278 DEBUG 1208 --- [restartedMain] com.vpu.mp.MpApplication                 : Running with Spring Boot v2.1.4.RELEASE, Spring v5.1.6.RELEASE
2019-06-18 18:43:24.278  INFO 1208 --- [restartedMain] com.vpu.mp.MpApplication                 : The following profiles are active: dev-win
2019-06-18 18:43:25.569  INFO 1208 --- [restartedMain] .s.d.r.c.RepositoryConfigurationDelegate : Multiple Spring Data modules found, entering strict repository configuration mode!
2019-06-18 18:43:25.570  INFO 1208 --- [restartedMain] .s.d.r.c.RepositoryConfigurationDelegate : Bootstrapping Spring Data repositories in DEFAULT mode.
2019-06-18 18:43:26.058  INFO 1208 --- [restartedMain] .s.d.r.c.RepositoryConfigurationDelegate : Finished Spring Data repository scanning in 487ms. Found 0 repository interfaces.
2019-06-18 18:43:26.170 ERROR 1208 --- [restartedMain] o.a.catalina.core.AprLifecycleListener   : An incompatible version [1.2.12] of the APR based Apache Tomcat Native library is installed, while Tomcat requires version [1.2.14]
2019-06-18 18:43:26.241 ERROR 1208 --- [restartedMain] o.a.catalina.core.AprLifecycleListener   : An incompatible version [1.2.12] of the APR based Apache Tomcat Native library is installed, while Tomcat requires version [1.2.14]
2019-06-18 18:43:26.356  INFO 1208 --- [restartedMain] o.s.b.w.embedded.tomcat.TomcatWebServer  : Tomcat initialized with port(s): 8086 (http)
2019-06-18 18:43:26.358 ERROR 1208 --- [restartedMain] o.a.catalina.core.AprLifecycleListener   : An incompatible version [1.2.12] of the APR based Apache Tomcat Native library is installed, while Tomcat requires version [1.2.14]
2019-06-18 18:43:26.358  INFO 1208 --- [restartedMain] o.apache.catalina.core.StandardService   : Starting service [Tomcat]
2019-06-18 18:43:26.359  INFO 1208 --- [restartedMain] org.apache.catalina.core.StandardEngine  : Starting Servlet engine: [Apache Tomcat/9.0.17]
2019-06-18 18:43:26.418  INFO 1208 --- [restartedMain] o.a.c.c.C.[Tomcat].[localhost].[/]       : Initializing Spring embedded WebApplicationContext
2019-06-18 18:43:26.420  INFO 1208 --- [restartedMain] o.s.web.context.ContextLoader            : Root WebApplicationContext: initialization completed in 2135 ms
2019-06-18 18:43:26.504  INFO 1208 --- [restartedMain] o.a.c.c.C.[Tomcat].[localhost].[/]       : org.tuckey.web.filters.urlrewrite.UrlRewriteFilter INFO: loaded (conf ok)
2019-06-18 18:43:26.538 DEBUG 1208 --- [restartedMain] c.v.m.service.foundation.ServiceFactory  : instance service: com.vpu.mp.service.saas.privilege.SystemUserService(0)
2019-06-18 18:43:26.540 DEBUG 1208 --- [restartedMain] c.v.m.service.foundation.ServiceFactory  : instance service: com.vpu.mp.service.saas.privilege.ChildAccountService(0)
2019-06-18 18:43:26.541 DEBUG 1208 --- [restartedMain] c.v.m.service.foundation.ServiceFactory  : instance service: com.vpu.mp.service.saas.privilege.RoleService(0)
2019-06-18 18:43:26.541 DEBUG 1208 --- [restartedMain] c.v.m.service.foundation.ServiceFactory  : instance service: com.vpu.mp.service.saas.privilege.MenuService(0)
2019-06-18 18:43:26.541 DEBUG 1208 --- [restartedMain] c.v.m.service.foundation.ServiceFactory  : load exists service: com.vpu.mp.service.saas.privilege.RoleService(0)
2019-06-18 18:43:26.542 DEBUG 1208 --- [restartedMain] c.v.m.service.foundation.ServiceFactory  : instance service: com.vpu.mp.service.saas.shop.ShopService(0)
2019-06-18 18:43:26.549 DEBUG 1208 --- [restartedMain] c.v.m.service.foundation.ServiceFactory  : instance service: com.vpu.mp.service.saas.shop.ShopAccountService(0)
2019-06-18 18:43:26.551 DEBUG 1208 --- [restartedMain] c.v.m.service.foundation.ServiceFactory  : instance service: com.vpu.mp.service.saas.shop.ShopRenewService(0)
2019-06-18 18:43:26.551 DEBUG 1208 --- [restartedMain] c.v.m.service.foundation.ServiceFactory  : instance service: com.vpu.mp.service.saas.shop.ShopVersionService(0)
2019-06-18 18:43:26.552 DEBUG 1208 --- [restartedMain] c.v.m.service.foundation.ServiceFactory  : instance service: com.vpu.mp.service.saas.shop.ShopChildAccountService(0)
2019-06-18 18:43:26.554 DEBUG 1208 --- [restartedMain] c.v.m.service.foundation.ServiceFactory  : instance service: com.vpu.mp.service.saas.shop.ShopRoleService(0)
2019-06-18 18:43:26.556 DEBUG 1208 --- [restartedMain] c.v.m.service.foundation.ServiceFactory  : instance service: com.vpu.mp.service.saas.shop.ShopMenuService(0)
2019-06-18 18:43:26.557 DEBUG 1208 --- [restartedMain] c.v.m.service.foundation.ServiceFactory  : instance service: com.vpu.mp.service.saas.shop.MpDecorationService(0)
2019-06-18 18:43:26.557 DEBUG 1208 --- [restartedMain] c.v.m.service.foundation.ServiceFactory  : instance service: com.vpu.mp.service.saas.shop.MpAuthShopService(0)
2019-06-18 18:43:26.558 DEBUG 1208 --- [restartedMain] c.v.m.service.foundation.ServiceFactory  : instance service: com.vpu.mp.service.saas.region.RegionService(0)
2019-06-18 18:43:26.561 DEBUG 1208 --- [restartedMain] c.v.m.service.foundation.ServiceFactory  : instance service: com.vpu.mp.service.saas.region.ProvinceService(0)
2019-06-18 18:43:26.562 DEBUG 1208 --- [restartedMain] c.v.m.service.foundation.ServiceFactory  : instance service: com.vpu.mp.service.saas.region.DistrictService(0)
2019-06-18 18:43:26.562 DEBUG 1208 --- [restartedMain] c.v.m.service.foundation.ServiceFactory  : instance service: com.vpu.mp.service.saas.region.CityService(0)
2019-06-18 18:43:26.562 DEBUG 1208 --- [restartedMain] c.v.m.service.foundation.ServiceFactory  : instance service: com.vpu.mp.service.saas.article.ArticleService(0)
2019-06-18 18:43:26.563 DEBUG 1208 --- [restartedMain] c.v.m.service.foundation.ServiceFactory  : load exists service: com.vpu.mp.service.saas.region.CityService(0)
2019-06-18 18:43:26.563 DEBUG 1208 --- [restartedMain] c.v.m.service.foundation.ServiceFactory  : load exists service: com.vpu.mp.service.saas.region.CityService(0)
2019-06-18 18:43:26.783  INFO 1208 --- [restartedMain] o.s.s.concurrent.ThreadPoolTaskExecutor  : Initializing ExecutorService 'applicationTaskExecutor'
2019-06-18 18:43:27.535  INFO 1208 --- [restartedMain] o.s.b.d.a.OptionalLiveReloadServer       : LiveReload server is running on port 35729
2019-06-18 18:43:28.106  INFO 1208 --- [restartedMain] s.a.ScheduledAnnotationBeanPostProcessor : No TaskScheduler/ScheduledExecutorService bean found for scheduled processing
2019-06-18 18:43:28.128  INFO 1208 --- [restartedMain] o.s.b.w.embedded.tomcat.TomcatWebServer  : Tomcat started on port(s): 8086 (http) with context path ''
2019-06-18 18:43:28.131  INFO 1208 --- [restartedMain] com.vpu.mp.MpApplication                 : Started MpApplication in 3.925 seconds (JVM running for 83.097)
2019-06-18 18:43:28.136  INFO 1208 --- [restartedMain] .ConditionEvaluationDeltaLoggingListener : Condition evaluation unchanged
2019-06-18 18:44:38.857  INFO 1208 --- [http-nio-8086-exec-8] o.a.c.c.C.[Tomcat].[localhost].[/]       : Initializing Spring DispatcherServlet 'dispatcherServlet'
2019-06-18 18:44:38.863  INFO 1208 --- [http-nio-8086-exec-8] o.s.web.servlet.DispatcherServlet        : Initializing Servlet 'dispatcherServlet'
2019-06-18 18:44:38.873  INFO 1208 --- [http-nio-8086-exec-8] o.s.web.servlet.DispatcherServlet        : Completed initialization in 9 ms
2019-06-18 18:45:28.803  INFO 1208 --- [http-nio-8086-exec-9] org.jooq.Constants                       : 
                                      
@@@@@@@@@@@@@@@@@@@@@@@@@@@@@@@@@@@@@@
@@@@@@@@@@@@@@@@@@@@@@@@@@@@@@@@@@@@@@
@@@@@@@@@@@@@@@@  @@        @@@@@@@@@@
@@@@@@@@@@@@@@@@@@@@        @@@@@@@@@@
@@@@@@@@@@@@@@@@  @@  @@    @@@@@@@@@@
@@@@@@@@@@  @@@@  @@  @@    @@@@@@@@@@
@@@@@@@@@@        @@        @@@@@@@@@@
@@@@@@@@@@@@@@@@@@@@@@@@@@@@@@@@@@@@@@
@@@@@@@@@@@@@@@@@@@@@@@@@@@@@@@@@@@@@@
@@@@@@@@@@        @@        @@@@@@@@@@
@@@@@@@@@@    @@  @@  @@@@  @@@@@@@@@@
@@@@@@@@@@    @@  @@  @@@@  @@@@@@@@@@
@@@@@@@@@@        @@  @  @  @@@@@@@@@@
@@@@@@@@@@        @@        @@@@@@@@@@
@@@@@@@@@@@@@@@@@@@@@@@  @@@@@@@@@@@@@
@@@@@@@@@@@@@@@@@@@@@@@@@@@@@@@@@@@@@@
@@@@@@@@@@@@@@@@@@@@@@@@@@@@@@@@@@@@@@  Thank you for using jOOQ 3.11.9
                                      
2019-06-18 18:45:30.782 DEBUG 1208 --- [http-nio-8086-exec-9] c.v.m.s.foundation.SqlExcuteListener     : SQL DB: null -- Set sql_mode='ONLY_FULL_GROUP_BY'
2019-06-18 18:45:31.720 DEBUG 1208 --- [http-nio-8086-exec-9] c.v.m.s.foundation.SqlExcuteListener     : SQL DB: null -- select `b2c_shop_account`.`sys_id`, `b2c_shop_account`.`user_name`, `b2c_shop_account`.`password`, `b2c_shop_account`.`state`, `b2c_shop_account`.`business_state`, `b2c_shop_account`.`shop_grade`, `b2c_shop_account`.`max_sku_num`, `b2c_shop_account`.`max_shop_num`, `b2c_shop_account`.`add_time`, `b2c_shop_account`.`buy_time`, `b2c_shop_account`.`end_time`, `b2c_shop_account`.`last_login_shop_id`, `b2c_shop_account`.`mobile`, `b2c_shop_account`.`account_name`, `b2c_shop_account`.`shop_avatar`, `b2c_shop_account`.`company`, `b2c_shop_account`.`salesperson`, `b2c_shop_account`.`province_code`, `b2c_shop_account`.`city_code`, `b2c_shop_account`.`district_code`, `b2c_shop_account`.`address`, `b2c_shop_account`.`base_sale`, `b2c_shop_account`.`backlog` from `b2c_shop_account` where `b2c_shop_account`.`user_name` = null
2019-06-18 19:10:09.741 DEBUG 1208 --- [http-nio-8086-exec-8] c.v.m.s.foundation.SqlExcuteListener     : SQL DB: null -- select `b2c_shop_account`.`sys_id`, `b2c_shop_account`.`user_name`, `b2c_shop_account`.`password`, `b2c_shop_account`.`state`, `b2c_shop_account`.`business_state`, `b2c_shop_account`.`shop_grade`, `b2c_shop_account`.`max_sku_num`, `b2c_shop_account`.`max_shop_num`, `b2c_shop_account`.`add_time`, `b2c_shop_account`.`buy_time`, `b2c_shop_account`.`end_time`, `b2c_shop_account`.`last_login_shop_id`, `b2c_shop_account`.`mobile`, `b2c_shop_account`.`account_name`, `b2c_shop_account`.`shop_avatar`, `b2c_shop_account`.`company`, `b2c_shop_account`.`salesperson`, `b2c_shop_account`.`province_code`, `b2c_shop_account`.`city_code`, `b2c_shop_account`.`district_code`, `b2c_shop_account`.`address`, `b2c_shop_account`.`base_sale`, `b2c_shop_account`.`backlog` from `b2c_shop_account` where `b2c_shop_account`.`user_name` = null
2019-06-18 19:10:28.435 DEBUG 1208 --- [http-nio-8086-exec-9] c.v.m.s.foundation.SqlExcuteListener     : SQL DB: null -- select `b2c_shop_account`.`sys_id`, `b2c_shop_account`.`user_name`, `b2c_shop_account`.`password`, `b2c_shop_account`.`state`, `b2c_shop_account`.`business_state`, `b2c_shop_account`.`shop_grade`, `b2c_shop_account`.`max_sku_num`, `b2c_shop_account`.`max_shop_num`, `b2c_shop_account`.`add_time`, `b2c_shop_account`.`buy_time`, `b2c_shop_account`.`end_time`, `b2c_shop_account`.`last_login_shop_id`, `b2c_shop_account`.`mobile`, `b2c_shop_account`.`account_name`, `b2c_shop_account`.`shop_avatar`, `b2c_shop_account`.`company`, `b2c_shop_account`.`salesperson`, `b2c_shop_account`.`province_code`, `b2c_shop_account`.`city_code`, `b2c_shop_account`.`district_code`, `b2c_shop_account`.`address`, `b2c_shop_account`.`base_sale`, `b2c_shop_account`.`backlog` from `b2c_shop_account` where `b2c_shop_account`.`user_name` = null
2019-06-18 19:15:34.833  INFO 16768 --- [restartedMain] com.vpu.mp.MpApplication                 : Starting MpApplication on WIN-I12TT7U969D with PID 16768 (D:\svn\java\mp_java\branches\jmp\target\classes started by 新国 in D:\svn\java\mp_java\branches\jmp)
2019-06-18 19:15:34.864 DEBUG 16768 --- [restartedMain] com.vpu.mp.MpApplication                 : Running with Spring Boot v2.1.4.RELEASE, Spring v5.1.6.RELEASE
2019-06-18 19:15:34.865  INFO 16768 --- [restartedMain] com.vpu.mp.MpApplication                 : The following profiles are active: dev-win
2019-06-18 19:15:35.000  INFO 16768 --- [restartedMain] .e.DevToolsPropertyDefaultsPostProcessor : Devtools property defaults active! Set 'spring.devtools.add-properties' to 'false' to disable
2019-06-18 19:15:35.000  INFO 16768 --- [restartedMain] .e.DevToolsPropertyDefaultsPostProcessor : For additional web related logging consider setting the 'logging.level.web' property to 'DEBUG'
2019-06-18 19:15:42.158  INFO 16768 --- [restartedMain] .s.d.r.c.RepositoryConfigurationDelegate : Multiple Spring Data modules found, entering strict repository configuration mode!
2019-06-18 19:15:42.166  INFO 16768 --- [restartedMain] .s.d.r.c.RepositoryConfigurationDelegate : Bootstrapping Spring Data repositories in DEFAULT mode.
2019-06-18 19:15:43.639  INFO 16768 --- [restartedMain] .s.d.r.c.RepositoryConfigurationDelegate : Finished Spring Data repository scanning in 1406ms. Found 0 repository interfaces.
2019-06-18 19:15:44.724 ERROR 16768 --- [restartedMain] o.a.catalina.core.AprLifecycleListener   : An incompatible version [1.2.12] of the APR based Apache Tomcat Native library is installed, while Tomcat requires version [1.2.14]
2019-06-18 19:15:45.213 ERROR 16768 --- [restartedMain] o.a.catalina.core.AprLifecycleListener   : An incompatible version [1.2.12] of the APR based Apache Tomcat Native library is installed, while Tomcat requires version [1.2.14]
2019-06-18 19:15:56.374  INFO 16768 --- [restartedMain] o.s.b.w.embedded.tomcat.TomcatWebServer  : Tomcat initialized with port(s): 8086 (http)
2019-06-18 19:15:56.799 ERROR 16768 --- [restartedMain] o.a.catalina.core.AprLifecycleListener   : An incompatible version [1.2.12] of the APR based Apache Tomcat Native library is installed, while Tomcat requires version [1.2.14]
2019-06-18 19:15:56.925  INFO 16768 --- [restartedMain] o.apache.catalina.core.StandardService   : Starting service [Tomcat]
2019-06-18 19:15:56.926  INFO 16768 --- [restartedMain] org.apache.catalina.core.StandardEngine  : Starting Servlet engine: [Apache Tomcat/9.0.17]
2019-06-18 19:15:57.468  INFO 16768 --- [restartedMain] o.a.c.c.C.[Tomcat].[localhost].[/]       : Initializing Spring embedded WebApplicationContext
2019-06-18 19:15:57.468  INFO 16768 --- [restartedMain] o.s.web.context.ContextLoader            : Root WebApplicationContext: initialization completed in 22467 ms
2019-06-18 19:15:58.617  INFO 16768 --- [restartedMain] o.a.c.c.C.[Tomcat].[localhost].[/]       : org.tuckey.web.filters.urlrewrite.UrlRewriteFilter INFO: loaded (conf ok)
2019-06-18 19:15:58.695 DEBUG 16768 --- [restartedMain] c.v.m.service.foundation.ServiceFactory  : instance service: com.vpu.mp.service.saas.privilege.SystemUserService(0)
2019-06-18 19:15:58.698 DEBUG 16768 --- [restartedMain] c.v.m.service.foundation.ServiceFactory  : instance service: com.vpu.mp.service.saas.privilege.ChildAccountService(0)
2019-06-18 19:15:58.698 DEBUG 16768 --- [restartedMain] c.v.m.service.foundation.ServiceFactory  : instance service: com.vpu.mp.service.saas.privilege.RoleService(0)
2019-06-18 19:15:58.699 DEBUG 16768 --- [restartedMain] c.v.m.service.foundation.ServiceFactory  : instance service: com.vpu.mp.service.saas.privilege.MenuService(0)
2019-06-18 19:15:58.699 DEBUG 16768 --- [restartedMain] c.v.m.service.foundation.ServiceFactory  : load exists service: com.vpu.mp.service.saas.privilege.RoleService(0)
2019-06-18 19:15:58.699 DEBUG 16768 --- [restartedMain] c.v.m.service.foundation.ServiceFactory  : instance service: com.vpu.mp.service.saas.shop.ShopService(0)
2019-06-18 19:15:58.704 DEBUG 16768 --- [restartedMain] c.v.m.service.foundation.ServiceFactory  : instance service: com.vpu.mp.service.saas.shop.ShopAccountService(0)
2019-06-18 19:15:58.704 DEBUG 16768 --- [restartedMain] c.v.m.service.foundation.ServiceFactory  : instance service: com.vpu.mp.service.saas.shop.ShopRenewService(0)
2019-06-18 19:15:58.705 DEBUG 16768 --- [restartedMain] c.v.m.service.foundation.ServiceFactory  : instance service: com.vpu.mp.service.saas.shop.ShopVersionService(0)
2019-06-18 19:15:58.705 DEBUG 16768 --- [restartedMain] c.v.m.service.foundation.ServiceFactory  : instance service: com.vpu.mp.service.saas.shop.ShopChildAccountService(0)
2019-06-18 19:15:58.705 DEBUG 16768 --- [restartedMain] c.v.m.service.foundation.ServiceFactory  : instance service: com.vpu.mp.service.saas.shop.ShopRoleService(0)
2019-06-18 19:15:58.706 DEBUG 16768 --- [restartedMain] c.v.m.service.foundation.ServiceFactory  : instance service: com.vpu.mp.service.saas.shop.ShopMenuService(0)
2019-06-18 19:15:58.706 DEBUG 16768 --- [restartedMain] c.v.m.service.foundation.ServiceFactory  : instance service: com.vpu.mp.service.saas.shop.MpDecorationService(0)
2019-06-18 19:15:58.706 DEBUG 16768 --- [restartedMain] c.v.m.service.foundation.ServiceFactory  : instance service: com.vpu.mp.service.saas.shop.MpAuthShopService(0)
2019-06-18 19:15:58.707 DEBUG 16768 --- [restartedMain] c.v.m.service.foundation.ServiceFactory  : instance service: com.vpu.mp.service.saas.region.RegionService(0)
2019-06-18 19:15:58.708 DEBUG 16768 --- [restartedMain] c.v.m.service.foundation.ServiceFactory  : instance service: com.vpu.mp.service.saas.region.ProvinceService(0)
2019-06-18 19:15:58.708 DEBUG 16768 --- [restartedMain] c.v.m.service.foundation.ServiceFactory  : instance service: com.vpu.mp.service.saas.region.DistrictService(0)
2019-06-18 19:15:58.709 DEBUG 16768 --- [restartedMain] c.v.m.service.foundation.ServiceFactory  : instance service: com.vpu.mp.service.saas.region.CityService(0)
2019-06-18 19:15:58.709 DEBUG 16768 --- [restartedMain] c.v.m.service.foundation.ServiceFactory  : instance service: com.vpu.mp.service.saas.article.ArticleService(0)
2019-06-18 19:15:58.710 DEBUG 16768 --- [restartedMain] c.v.m.service.foundation.ServiceFactory  : load exists service: com.vpu.mp.service.saas.region.CityService(0)
2019-06-18 19:15:58.710 DEBUG 16768 --- [restartedMain] c.v.m.service.foundation.ServiceFactory  : load exists service: com.vpu.mp.service.saas.region.CityService(0)
2019-06-18 19:15:59.111  INFO 16768 --- [restartedMain] io.lettuce.core.EpollProvider            : Starting without optional epoll library
2019-06-18 19:15:59.116  INFO 16768 --- [restartedMain] io.lettuce.core.KqueueProvider           : Starting without optional kqueue library
2019-06-18 19:16:01.707  INFO 16768 --- [restartedMain] o.s.s.concurrent.ThreadPoolTaskExecutor  : Initializing ExecutorService 'applicationTaskExecutor'
2019-06-18 19:16:02.950  INFO 16768 --- [restartedMain] o.s.b.d.a.OptionalLiveReloadServer       : LiveReload server is running on port 35729
2019-06-18 19:16:03.638  INFO 16768 --- [restartedMain] s.a.ScheduledAnnotationBeanPostProcessor : No TaskScheduler/ScheduledExecutorService bean found for scheduled processing
2019-06-18 19:16:03.776  INFO 16768 --- [restartedMain] o.s.b.w.embedded.tomcat.TomcatWebServer  : Tomcat started on port(s): 8086 (http) with context path ''
2019-06-18 19:16:03.785  INFO 16768 --- [restartedMain] com.vpu.mp.MpApplication                 : Started MpApplication in 30.305 seconds (JVM running for 36.61)
2019-06-18 19:16:34.051  INFO 16768 --- [http-nio-8086-exec-1] o.a.c.c.C.[Tomcat].[localhost].[/]       : Initializing Spring DispatcherServlet 'dispatcherServlet'
2019-06-18 19:16:34.051  INFO 16768 --- [http-nio-8086-exec-1] o.s.web.servlet.DispatcherServlet        : Initializing Servlet 'dispatcherServlet'
2019-06-18 19:16:34.066  INFO 16768 --- [http-nio-8086-exec-1] o.s.web.servlet.DispatcherServlet        : Completed initialization in 15 ms
2019-06-18 19:16:35.171  INFO 16768 --- [http-nio-8086-exec-3] org.jooq.Constants                       : 
                                      
@@@@@@@@@@@@@@@@@@@@@@@@@@@@@@@@@@@@@@
@@@@@@@@@@@@@@@@@@@@@@@@@@@@@@@@@@@@@@
@@@@@@@@@@@@@@@@  @@        @@@@@@@@@@
@@@@@@@@@@@@@@@@@@@@        @@@@@@@@@@
@@@@@@@@@@@@@@@@  @@  @@    @@@@@@@@@@
@@@@@@@@@@  @@@@  @@  @@    @@@@@@@@@@
@@@@@@@@@@        @@        @@@@@@@@@@
@@@@@@@@@@@@@@@@@@@@@@@@@@@@@@@@@@@@@@
@@@@@@@@@@@@@@@@@@@@@@@@@@@@@@@@@@@@@@
@@@@@@@@@@        @@        @@@@@@@@@@
@@@@@@@@@@    @@  @@  @@@@  @@@@@@@@@@
@@@@@@@@@@    @@  @@  @@@@  @@@@@@@@@@
@@@@@@@@@@        @@  @  @  @@@@@@@@@@
@@@@@@@@@@        @@        @@@@@@@@@@
@@@@@@@@@@@@@@@@@@@@@@@  @@@@@@@@@@@@@
@@@@@@@@@@@@@@@@@@@@@@@@@@@@@@@@@@@@@@
@@@@@@@@@@@@@@@@@@@@@@@@@@@@@@@@@@@@@@  Thank you for using jOOQ 3.11.9
                                      
2019-06-18 19:16:35.984 DEBUG 16768 --- [http-nio-8086-exec-3] c.v.m.s.foundation.SqlExcuteListener     : SQL DB: null -- Set sql_mode='ONLY_FULL_GROUP_BY'
2019-06-18 19:16:36.657 DEBUG 16768 --- [http-nio-8086-exec-3] c.v.m.s.foundation.SqlExcuteListener     : SQL DB: null -- select `b2c_shop_account`.`sys_id`, `b2c_shop_account`.`user_name`, `b2c_shop_account`.`password`, `b2c_shop_account`.`state`, `b2c_shop_account`.`business_state`, `b2c_shop_account`.`shop_grade`, `b2c_shop_account`.`max_sku_num`, `b2c_shop_account`.`max_shop_num`, `b2c_shop_account`.`add_time`, `b2c_shop_account`.`buy_time`, `b2c_shop_account`.`end_time`, `b2c_shop_account`.`last_login_shop_id`, `b2c_shop_account`.`mobile`, `b2c_shop_account`.`account_name`, `b2c_shop_account`.`shop_avatar`, `b2c_shop_account`.`company`, `b2c_shop_account`.`salesperson`, `b2c_shop_account`.`province_code`, `b2c_shop_account`.`city_code`, `b2c_shop_account`.`district_code`, `b2c_shop_account`.`address`, `b2c_shop_account`.`base_sale`, `b2c_shop_account`.`backlog` from `b2c_shop_account` where `b2c_shop_account`.`user_name` = null
2019-06-18 19:19:56.303 DEBUG 16768 --- [http-nio-8086-exec-5] c.v.m.s.foundation.SqlExcuteListener     : SQL DB: null -- select `b2c_shop_account`.`sys_id`, `b2c_shop_account`.`user_name`, `b2c_shop_account`.`password`, `b2c_shop_account`.`state`, `b2c_shop_account`.`business_state`, `b2c_shop_account`.`shop_grade`, `b2c_shop_account`.`max_sku_num`, `b2c_shop_account`.`max_shop_num`, `b2c_shop_account`.`add_time`, `b2c_shop_account`.`buy_time`, `b2c_shop_account`.`end_time`, `b2c_shop_account`.`last_login_shop_id`, `b2c_shop_account`.`mobile`, `b2c_shop_account`.`account_name`, `b2c_shop_account`.`shop_avatar`, `b2c_shop_account`.`company`, `b2c_shop_account`.`salesperson`, `b2c_shop_account`.`province_code`, `b2c_shop_account`.`city_code`, `b2c_shop_account`.`district_code`, `b2c_shop_account`.`address`, `b2c_shop_account`.`base_sale`, `b2c_shop_account`.`backlog` from `b2c_shop_account` where `b2c_shop_account`.`user_name` = null
2019-06-18 19:19:59.152 DEBUG 16768 --- [http-nio-8086-exec-7] c.v.m.s.foundation.SqlExcuteListener     : SQL DB: null -- select `b2c_shop_account`.`sys_id`, `b2c_shop_account`.`user_name`, `b2c_shop_account`.`password`, `b2c_shop_account`.`state`, `b2c_shop_account`.`business_state`, `b2c_shop_account`.`shop_grade`, `b2c_shop_account`.`max_sku_num`, `b2c_shop_account`.`max_shop_num`, `b2c_shop_account`.`add_time`, `b2c_shop_account`.`buy_time`, `b2c_shop_account`.`end_time`, `b2c_shop_account`.`last_login_shop_id`, `b2c_shop_account`.`mobile`, `b2c_shop_account`.`account_name`, `b2c_shop_account`.`shop_avatar`, `b2c_shop_account`.`company`, `b2c_shop_account`.`salesperson`, `b2c_shop_account`.`province_code`, `b2c_shop_account`.`city_code`, `b2c_shop_account`.`district_code`, `b2c_shop_account`.`address`, `b2c_shop_account`.`base_sale`, `b2c_shop_account`.`backlog` from `b2c_shop_account` where `b2c_shop_account`.`user_name` = null
2019-06-18 19:20:12.466 DEBUG 16768 --- [http-nio-8086-exec-9] c.v.m.s.foundation.SqlExcuteListener     : SQL DB: null -- select `b2c_shop_account`.`sys_id`, `b2c_shop_account`.`user_name`, `b2c_shop_account`.`password`, `b2c_shop_account`.`state`, `b2c_shop_account`.`business_state`, `b2c_shop_account`.`shop_grade`, `b2c_shop_account`.`max_sku_num`, `b2c_shop_account`.`max_shop_num`, `b2c_shop_account`.`add_time`, `b2c_shop_account`.`buy_time`, `b2c_shop_account`.`end_time`, `b2c_shop_account`.`last_login_shop_id`, `b2c_shop_account`.`mobile`, `b2c_shop_account`.`account_name`, `b2c_shop_account`.`shop_avatar`, `b2c_shop_account`.`company`, `b2c_shop_account`.`salesperson`, `b2c_shop_account`.`province_code`, `b2c_shop_account`.`city_code`, `b2c_shop_account`.`district_code`, `b2c_shop_account`.`address`, `b2c_shop_account`.`base_sale`, `b2c_shop_account`.`backlog` from `b2c_shop_account` where `b2c_shop_account`.`user_name` = null
2019-06-18 19:23:15.965 ERROR 16768 --- [http-nio-8086-exec-3] o.a.catalina.core.AprLifecycleListener   : An incompatible version [1.2.12] of the APR based Apache Tomcat Native library is installed, while Tomcat requires version [1.2.14]
2019-06-18 19:23:18.032 ERROR 16768 --- [http-nio-8086-exec-3] o.a.catalina.core.AprLifecycleListener   : An incompatible version [1.2.12] of the APR based Apache Tomcat Native library is installed, while Tomcat requires version [1.2.14]
2019-06-18 19:23:20.621 ERROR 16768 --- [http-nio-8086-exec-3] o.a.catalina.core.AprLifecycleListener   : An incompatible version [1.2.12] of the APR based Apache Tomcat Native library is installed, while Tomcat requires version [1.2.14]
2019-06-18 19:23:22.685 ERROR 16768 --- [http-nio-8086-exec-3] o.a.catalina.core.AprLifecycleListener   : An incompatible version [1.2.12] of the APR based Apache Tomcat Native library is installed, while Tomcat requires version [1.2.14]
